
/home/runner/work/exp-customer-churn-au/exp-customer-churn-au/experiment/simulation/js/index-BHyhcTfA.js
   17:4185    warning  'process' is not defined                                                   no-undef
   17:4211    warning  'process' is not defined                                                   no-undef
   25:1032    warning  'setImmediate' is not defined                                              no-undef
   25:1892    warning  Unreachable code                                                           no-unreachable
   33:3442    warning  '__REACT_DEVTOOLS_GLOBAL_HOOK__' is not defined                            no-undef
   33:3499    warning  '__REACT_DEVTOOLS_GLOBAL_HOOK__' is not defined                            no-undef
   41:3260    warning  Empty block statement                                                      no-empty
   46:202     warning  Expected a conditional expression and instead saw an assignment            no-cond-assign
   48:548     warning  Empty block statement                                                      no-empty
   48:4243    warning  Expected a conditional expression and instead saw an assignment            no-cond-assign
   48:4343    warning  Expected a conditional expression and instead saw an assignment            no-cond-assign
   48:4426    warning  Expected a conditional expression and instead saw an assignment            no-cond-assign
   48:4883    warning  Unexpected combined character in character class                           no-misleading-character-class
   48:6398    warning  Do not access Object.prototype method 'hasOwnProperty' from target object  no-prototype-builtins
   48:8626    warning  Do not access Object.prototype method 'hasOwnProperty' from target object  no-prototype-builtins
   48:10744   warning  Do not access Object.prototype method 'hasOwnProperty' from target object  no-prototype-builtins
   48:10774   warning  Do not access Object.prototype method 'hasOwnProperty' from target object  no-prototype-builtins
   48:10893   warning  Do not access Object.prototype method 'hasOwnProperty' from target object  no-prototype-builtins
   48:10954   warning  Do not access Object.prototype method 'hasOwnProperty' from target object  no-prototype-builtins
   48:13917   warning  Unexpected control character(s) in regular expression: \x00, \x1f          no-control-regex
   48:15960   warning  Expected to return a value in method 'get'                                 getter-return
   48:16650   warning  Do not access Object.prototype method 'hasOwnProperty' from target object  no-prototype-builtins
   48:16992   warning  Invalid typeof comparison value                                            valid-typeof
   48:17166   warning  Invalid typeof comparison value                                            valid-typeof
   48:19031   warning  Expected a conditional expression and instead saw an assignment            no-cond-assign
   48:25350   warning  Do not access Object.prototype method 'hasOwnProperty' from target object  no-prototype-builtins
   48:26660   warning  'process' is not defined                                                   no-undef
   48:26686   warning  'process' is not defined                                                   no-undef
   48:43730   warning  Empty block statement                                                      no-empty
   48:45826   warning  Expected a 'break' statement before 'case'                                 no-fallthrough
   48:46291   warning  Unexpected constant condition                                              no-constant-condition
   48:59344   warning  Empty block statement                                                      no-empty
   48:59353   warning  Empty block statement                                                      no-empty
   48:64907   warning  Expected a conditional expression and instead saw an assignment            no-cond-assign
   48:69813   warning  Expected a conditional expression and instead saw an assignment            no-cond-assign
   48:72711   warning  Expected a conditional expression and instead saw an assignment            no-cond-assign
   48:73819   warning  Expected a conditional expression and instead saw an assignment            no-cond-assign
   48:75498   warning  Expected a conditional expression and instead saw an assignment            no-cond-assign
   48:82134   warning  Expected a conditional expression and instead saw an assignment            no-cond-assign
   48:87121   warning  Unnecessary escape character: \/                                           no-useless-escape
   48:97889   warning  Expected a 'break' statement before 'case'                                 no-fallthrough
   48:98842   warning  Empty block statement                                                      no-empty
   48:99121   warning  Expected a 'break' statement before 'case'                                 no-fallthrough
   48:102317  warning  Expected a conditional expression and instead saw an assignment            no-cond-assign
   48:104694  warning  Do not access Object.prototype method 'hasOwnProperty' from target object  no-prototype-builtins
   48:106514  warning  Expected a 'break' statement before 'case'                                 no-fallthrough
   48:107187  warning  Expected a 'break' statement before 'case'                                 no-fallthrough
   48:112977  warning  Expected a 'break' statement before 'case'                                 no-fallthrough
   48:113311  warning  Unexpected constant condition                                              no-constant-condition
   48:115935  warning  Unexpected constant condition                                              no-constant-condition
   48:116560  warning  Expected a 'break' statement before 'case'                                 no-fallthrough
   48:116879  warning  Unexpected constant condition                                              no-constant-condition
   48:117279  warning  Expected a 'break' statement before 'default'                              no-fallthrough
   48:119779  warning  Expected a conditional expression and instead saw an assignment            no-cond-assign
   48:120595  warning  Empty block statement                                                      no-empty
   48:121350  warning  Empty block statement                                                      no-empty
   48:122828  warning  'i' is defined but never used                                              no-unused-vars
   48:125220  warning  Expected a conditional expression and instead saw an assignment            no-cond-assign
   48:128983  warning  Expected a 'break' statement before 'case'                                 no-fallthrough
   48:129172  warning  Expected a 'break' statement before 'case'                                 no-fallthrough
   48:130397  warning  Expected a conditional expression and instead saw an assignment            no-cond-assign
   48:131950  warning  Expected a 'break' statement before 'case'                                 no-fallthrough
   48:133497  warning  Unexpected control character(s) in regular expression: \x00                no-control-regex
   49:476     warning  Expected a 'break' statement before 'case'                                 no-fallthrough
   49:5078    warning  Do not access Object.prototype method 'hasOwnProperty' from target object  no-prototype-builtins
   49:5650    warning  Do not access Object.prototype method 'hasOwnProperty' from target object  no-prototype-builtins
   49:5989    warning  Do not access Object.prototype method 'hasOwnProperty' from target object  no-prototype-builtins
   49:6384    warning  Do not access Object.prototype method 'hasOwnProperty' from target object  no-prototype-builtins
   49:6500    warning  Expected a 'break' statement before 'default'                              no-fallthrough
   49:6662    warning  Do not access Object.prototype method 'hasOwnProperty' from target object  no-prototype-builtins
   49:6925    warning  Do not access Object.prototype method 'hasOwnProperty' from target object  no-prototype-builtins
   49:7419    warning  Expected a 'break' statement before 'case'                                 no-fallthrough
   49:7558    warning  Do not access Object.prototype method 'hasOwnProperty' from target object  no-prototype-builtins
   49:7736    warning  Do not access Object.prototype method 'hasOwnProperty' from target object  no-prototype-builtins
   49:7818    warning  Do not access Object.prototype method 'hasOwnProperty' from target object  no-prototype-builtins
   49:8079    warning  Do not access Object.prototype method 'hasOwnProperty' from target object  no-prototype-builtins
   49:8177    warning  Expected a 'break' statement before 'default'                              no-fallthrough
   49:8187    warning  Do not access Object.prototype method 'hasOwnProperty' from target object  no-prototype-builtins
   49:8265    warning  Do not access Object.prototype method 'hasOwnProperty' from target object  no-prototype-builtins
   49:8653    warning  Do not access Object.prototype method 'hasOwnProperty' from target object  no-prototype-builtins
   49:8727    warning  Expected a 'break' statement before 'default'                              no-fallthrough
   49:8737    warning  Do not access Object.prototype method 'hasOwnProperty' from target object  no-prototype-builtins
   49:8805    warning  Do not access Object.prototype method 'hasOwnProperty' from target object  no-prototype-builtins
   49:8923    warning  Expected a 'break' statement before 'default'                              no-fallthrough
   49:9099    warning  Do not access Object.prototype method 'hasOwnProperty' from target object  no-prototype-builtins
   49:9130    warning  Do not access Object.prototype method 'hasOwnProperty' from target object  no-prototype-builtins
   49:9254    warning  Do not access Object.prototype method 'hasOwnProperty' from target object  no-prototype-builtins
   49:9530    warning  Do not access Object.prototype method 'hasOwnProperty' from target object  no-prototype-builtins
   49:9562    warning  Do not access Object.prototype method 'hasOwnProperty' from target object  no-prototype-builtins
   49:9685    warning  Do not access Object.prototype method 'hasOwnProperty' from target object  no-prototype-builtins
   49:10042   warning  Do not access Object.prototype method 'hasOwnProperty' from target object  no-prototype-builtins
   49:10074   warning  Do not access Object.prototype method 'hasOwnProperty' from target object  no-prototype-builtins
   49:10144   warning  Do not access Object.prototype method 'hasOwnProperty' from target object  no-prototype-builtins
   49:10358   warning  Do not access Object.prototype method 'hasOwnProperty' from target object  no-prototype-builtins
   49:10393   warning  Do not access Object.prototype method 'hasOwnProperty' from target object  no-prototype-builtins
   49:10463   warning  Do not access Object.prototype method 'hasOwnProperty' from target object  no-prototype-builtins
   49:10561   warning  Do not access Object.prototype method 'hasOwnProperty' from target object  no-prototype-builtins
   49:10592   warning  Do not access Object.prototype method 'hasOwnProperty' from target object  no-prototype-builtins
   49:10658   warning  Do not access Object.prototype method 'hasOwnProperty' from target object  no-prototype-builtins
   49:18706   warning  Expected a conditional expression and instead saw an assignment            no-cond-assign
   49:19777   warning  Expected a conditional expression and instead saw an assignment            no-cond-assign
   49:22310   warning  Expected a conditional expression and instead saw an assignment            no-cond-assign
   49:34393   warning  'navigation' is not defined                                                no-undef
   49:34422   warning  'navigation' is not defined                                                no-undef
   49:34462   warning  'navigation' is not defined                                                no-undef
   49:34608   warning  'navigation' is not defined                                                no-undef
   49:34650   warning  'navigation' is not defined                                                no-undef
   49:34699   warning  'navigation' is not defined                                                no-undef
   49:34780   warning  'navigation' is not defined                                                no-undef
   49:34825   warning  'navigation' is not defined                                                no-undef
   49:34877   warning  'navigation' is not defined                                                no-undef
   49:36025   warning  '__REACT_DEVTOOLS_GLOBAL_HOOK__' is not defined                            no-undef
   49:36124   warning  Empty block statement                                                      no-empty
   49:37270   warning  '__REACT_DEVTOOLS_GLOBAL_HOOK__' is not defined                            no-undef
   49:37327   warning  '__REACT_DEVTOOLS_GLOBAL_HOOK__' is not defined                            no-undef
   57:1334    warning  't' is defined but never used                                              no-unused-vars
   57:6915    warning  't' is defined but never used                                              no-unused-vars
   57:20354   warning  'r' is assigned a value but never used                                     no-unused-vars
   57:20377   warning  's' is assigned a value but never used                                     no-unused-vars
   57:20401   warning  'o' is assigned a value but never used                                     no-unused-vars
   57:21340   warning  'o' is assigned a value but never used                                     no-unused-vars
   57:26345   warning  't' is defined but never used                                              no-unused-vars
   57:51621   warning  'kX' is assigned a value but never used                                    no-unused-vars
   57:51633   warning  'zX' is assigned a value but never used                                    no-unused-vars
  187:2313    warning  't' is defined but never used                                              no-unused-vars
  187:5947    warning  Do not access Object.prototype method 'hasOwnProperty' from target object  no-prototype-builtins
  187:25490   warning  Empty block statement                                                      no-empty
  187:27250   warning  'r' is assigned a value but never used                                     no-unused-vars
  187:27263   warning  's' is assigned a value but never used                                     no-unused-vars
  187:27273   warning  'o' is assigned a value but never used                                     no-unused-vars
  187:29909   warning  'n' is defined but never used                                              no-unused-vars
  187:31024   warning  Unexpected comma in middle of array                                        no-sparse-arrays
  187:31630   warning  'r' is defined but never used                                              no-unused-vars
  187:31761   warning  'n' is assigned a value but never used                                     no-unused-vars
  187:31917   warning  'e' is defined but never used                                              no-unused-vars
  187:31925   warning  't' is defined but never used                                              no-unused-vars
  187:31941   warning  'n' is defined but never used                                              no-unused-vars
  187:31959   warning  'r' is defined but never used                                              no-unused-vars
  187:31978   warning  's' is defined but never used                                              no-unused-vars
  187:31987   warning  'o' is defined but never used                                              no-unused-vars
  187:32000   warning  'c' is defined but never used                                              no-unused-vars
  187:32014   warning  'f' is defined but never used                                              no-unused-vars
  187:32021   warning  'd' is defined but never used                                              no-unused-vars
  187:32031   warning  'm' is defined but never used                                              no-unused-vars
  187:36212   warning  's' is assigned a value but never used                                     no-unused-vars
  187:36735   warning  Do not access Object.prototype method 'hasOwnProperty' from target object  no-prototype-builtins
  187:48360   warning  't' is defined but never used                                              no-unused-vars
  187:48362   warning  'n' is defined but never used                                              no-unused-vars
  187:48364   warning  'r' is defined but never used                                              no-unused-vars
  187:49682   warning  'v' is assigned a value but never used                                     no-unused-vars
  187:63180   warning  'S' is assigned a value but never used                                     no-unused-vars
  187:64085   warning  Do not access Object.prototype method 'hasOwnProperty' from target object  no-prototype-builtins
  195:3742    warning  'require' is not defined                                                   no-undef
  195:3790    warning  Empty block statement                                                      no-empty
  195:6307    warning  'N' is assigned a value but never used                                     no-unused-vars
  195:9641    warning  'e' is defined but never used                                              no-unused-vars
  195:9643    warning  't' is defined but never used                                              no-unused-vars
  195:30854   warning  'e' is assigned a value but never used                                     no-unused-vars
  197:2791    warning  'n' is assigned a value but never used                                     no-unused-vars
  197:2805    warning  'r' is assigned a value but never used                                     no-unused-vars
  197:23098   warning  'Og' is a function                                                         no-func-assign
  197:24131   warning  'Eg' is a function                                                         no-func-assign
  197:27735   warning  Expected a 'break' statement before 'default'                              no-fallthrough
  197:28127   warning  Expected a conditional expression and instead saw an assignment            no-cond-assign
  197:28984   warning  Expected a conditional expression and instead saw an assignment            no-cond-assign
  197:30566   warning  Expected a 'break' statement before 'default'                              no-fallthrough
  197:32971   warning  Expected a 'break' statement before 'case'                                 no-fallthrough
  197:33380   warning  Expected a 'break' statement before 'default'                              no-fallthrough
  197:35077   warning  Expected a 'break' statement before 'default'                              no-fallthrough
  197:38830   warning  Expected a 'break' statement before 'default'                              no-fallthrough
  197:44622   warning  'zg' is a function                                                         no-func-assign
  197:47236   warning  't' is defined but never used                                              no-unused-vars
  213:13885   warning  'Lg' is a function                                                         no-func-assign
  216:1562    warning  't' is defined but never used                                              no-unused-vars
  216:10613   warning  'UX' is assigned a value but never used                                    no-unused-vars
  216:10634   warning  'BX' is assigned a value but never used                                    no-unused-vars
  216:10838   warning  'Hg' is a function                                                         no-func-assign
  216:21441   warning  'Uf' is a function                                                         no-func-assign
  226:548     warning  Empty block statement                                                      no-empty
  226:978     warning  '$' is assigned a value but never used                                     no-unused-vars
  226:1667    warning  'ae' is assigned a value but never used                                    no-unused-vars
  226:4062    warning  'Fg' is a function                                                         no-func-assign
  243:2486    warning  't' is defined but never used                                              no-unused-vars
  243:4382    warning  't' is defined but never used                                              no-unused-vars
  243:4471    warning  't' is defined but never used                                              no-unused-vars
  243:5187    warning  'n' is defined but never used                                              no-unused-vars
  243:11692   warning  Expected a conditional expression and instead saw an assignment            no-cond-assign
  243:11953   warning  Expected a conditional expression and instead saw an assignment            no-cond-assign
  243:11993   warning  Expected a conditional expression and instead saw an assignment            no-cond-assign
  243:12057   warning  Expected a conditional expression and instead saw an assignment            no-cond-assign
  243:12096   warning  Expected a conditional expression and instead saw an assignment            no-cond-assign
  243:12159   warning  Expected a conditional expression and instead saw an assignment            no-cond-assign
  243:12203   warning  Expected a conditional expression and instead saw an assignment            no-cond-assign
  243:12252   warning  Do not access Object.prototype method 'hasOwnProperty' from target object  no-prototype-builtins
  243:17277   warning  Expected a conditional expression and instead saw an assignment            no-cond-assign
  243:17858   warning  Expected a conditional expression and instead saw an assignment            no-cond-assign
  243:50034   warning  Empty block statement                                                      no-empty
  243:50220   warning  Empty block statement                                                      no-empty
  243:50508   warning  Empty block statement                                                      no-empty
  243:62659   warning  Expected a conditional expression and instead saw an assignment            no-cond-assign
  243:63315   warning  Do not access Object.prototype method 'hasOwnProperty' from target object  no-prototype-builtins
  243:63768   warning  'Oy' is already defined                                                    no-redeclare
  243:89430   warning  'VX' is assigned a value but never used                                    no-unused-vars
  243:106970  warning  'IX' is assigned a value but never used                                    no-unused-vars
  243:110229  warning  'e' is defined but never used                                              no-unused-vars
  243:115797  warning  'nv' is a function                                                         no-func-assign
  243:123505  warning  'nd' is a function                                                         no-func-assign
  245:1463    warning  'M' is assigned a value but never used                                     no-unused-vars
  245:1543    warning  'C' is assigned a value but never used                                     no-unused-vars
  245:2995    warning  'rd' is a function                                                         no-func-assign
  245:3853    warning  's' is assigned a value but never used                                     no-unused-vars
  245:5552    warning  'YX' is assigned a value but never used                                    no-unused-vars
  245:5572    warning  '$X' is assigned a value but never used                                    no-unused-vars
  245:5588    warning  'HX' is assigned a value but never used                                    no-unused-vars
  245:5607    warning  'qX' is assigned a value but never used                                    no-unused-vars
  253:4069    warning  'ad' is a function                                                         no-func-assign
  253:5181    warning  Empty block statement                                                      no-empty
  253:7480    warning  't' is defined but never used                                              no-unused-vars
  253:10321   warning  'FX' is assigned a value but never used                                    no-unused-vars
  253:10354   warning  'KX' is assigned a value but never used                                    no-unused-vars
  253:10386   warning  'GX' is assigned a value but never used                                    no-unused-vars
  253:11682   warning  'Ya' is a function                                                         no-func-assign
  253:13406   warning  'r' is assigned a value but never used                                     no-unused-vars
  253:22065   warning  'XX' is assigned a value but never used                                    no-unused-vars
  253:22081   warning  'ZX' is assigned a value but never used                                    no-unused-vars
  253:22096   warning  'QX' is assigned a value but never used                                    no-unused-vars
  253:22108   warning  'WX' is assigned a value but never used                                    no-unused-vars
  253:22124   warning  'JX' is assigned a value but never used                                    no-unused-vars
  253:22139   warning  'eZ' is assigned a value but never used                                    no-unused-vars
  253:22151   warning  'tZ' is assigned a value but never used                                    no-unused-vars
  253:22167   warning  'nZ' is assigned a value but never used                                    no-unused-vars
  253:22182   warning  'rZ' is assigned a value but never used                                    no-unused-vars
  253:22202   warning  'aZ' is assigned a value but never used                                    no-unused-vars
  253:22780   warning  'iZ' is assigned a value but never used                                    no-unused-vars
  253:23309   warning  'sZ' is assigned a value but never used                                    no-unused-vars
  253:23322   warning  'lZ' is assigned a value but never used                                    no-unused-vars
  253:23333   warning  'oZ' is assigned a value but never used                                    no-unused-vars
  253:23347   warning  'cZ' is assigned a value but never used                                    no-unused-vars
  253:23358   warning  'uZ' is assigned a value but never used                                    no-unused-vars
  253:23372   warning  'fZ' is assigned a value but never used                                    no-unused-vars
  253:24165   warning  'dZ' is assigned a value but never used                                    no-unused-vars
  253:24184   warning  'hZ' is assigned a value but never used                                    no-unused-vars
  253:24202   warning  'mZ' is assigned a value but never used                                    no-unused-vars
  253:31480   warning  'sd' is a function                                                         no-func-assign
  253:33667   warning  'La' is a function                                                         no-func-assign
  253:39105   warning  'av' is a function                                                         no-func-assign
  253:75999   warning  'r' is assigned a value but never used                                     no-unused-vars
  253:76422   warning  's' is assigned a value but never used                                     no-unused-vars
  253:79931   warning  'n' is assigned a value but never used                                     no-unused-vars
  253:79942   warning  'r' is assigned a value but never used                                     no-unused-vars
  253:102261  warning  't' is defined but never used                                              no-unused-vars
  253:138179  warning  'o' is assigned a value but never used                                     no-unused-vars
  253:138204  warning  'f' is assigned a value but never used                                     no-unused-vars
  253:138229  warning  'm' is assigned a value but never used                                     no-unused-vars

/home/runner/work/exp-customer-churn-au/exp-customer-churn-au/experiment/simulation/js/index-BL79K11K.js
   17:4186    warning  'process' is not defined                                                   no-undef
   17:4212    warning  'process' is not defined                                                   no-undef
   25:1022    warning  'setImmediate' is not defined                                              no-undef
   25:1868    warning  Unreachable code                                                           no-unreachable
   33:3442    warning  '__REACT_DEVTOOLS_GLOBAL_HOOK__' is not defined                            no-undef
   33:3499    warning  '__REACT_DEVTOOLS_GLOBAL_HOOK__' is not defined                            no-undef
   41:3263    warning  Empty block statement                                                      no-empty
   46:202     warning  Expected a conditional expression and instead saw an assignment            no-cond-assign
   48:548     warning  Empty block statement                                                      no-empty
   48:4239    warning  Expected a conditional expression and instead saw an assignment            no-cond-assign
   48:4339    warning  Expected a conditional expression and instead saw an assignment            no-cond-assign
   48:4422    warning  Expected a conditional expression and instead saw an assignment            no-cond-assign
   48:4879    warning  Unexpected combined character in character class                           no-misleading-character-class
   48:6394    warning  Do not access Object.prototype method 'hasOwnProperty' from target object  no-prototype-builtins
   48:8622    warning  Do not access Object.prototype method 'hasOwnProperty' from target object  no-prototype-builtins
   48:10740   warning  Do not access Object.prototype method 'hasOwnProperty' from target object  no-prototype-builtins
   48:10770   warning  Do not access Object.prototype method 'hasOwnProperty' from target object  no-prototype-builtins
   48:10889   warning  Do not access Object.prototype method 'hasOwnProperty' from target object  no-prototype-builtins
   48:10950   warning  Do not access Object.prototype method 'hasOwnProperty' from target object  no-prototype-builtins
   48:13913   warning  Unexpected control character(s) in regular expression: \x00, \x1f          no-control-regex
   48:15956   warning  Expected to return a value in method 'get'                                 getter-return
   48:16646   warning  Do not access Object.prototype method 'hasOwnProperty' from target object  no-prototype-builtins
   48:16988   warning  Invalid typeof comparison value                                            valid-typeof
   48:17162   warning  Invalid typeof comparison value                                            valid-typeof
   48:19027   warning  Expected a conditional expression and instead saw an assignment            no-cond-assign
   48:25346   warning  Do not access Object.prototype method 'hasOwnProperty' from target object  no-prototype-builtins
   48:26656   warning  'process' is not defined                                                   no-undef
   48:26682   warning  'process' is not defined                                                   no-undef
   48:43726   warning  Empty block statement                                                      no-empty
   48:45822   warning  Expected a 'break' statement before 'case'                                 no-fallthrough
   48:46287   warning  Unexpected constant condition                                              no-constant-condition
   48:59337   warning  Empty block statement                                                      no-empty
   48:59346   warning  Empty block statement                                                      no-empty
   48:64900   warning  Expected a conditional expression and instead saw an assignment            no-cond-assign
   48:69806   warning  Expected a conditional expression and instead saw an assignment            no-cond-assign
   48:72704   warning  Expected a conditional expression and instead saw an assignment            no-cond-assign
   48:73812   warning  Expected a conditional expression and instead saw an assignment            no-cond-assign
   48:75491   warning  Expected a conditional expression and instead saw an assignment            no-cond-assign
   48:82127   warning  Expected a conditional expression and instead saw an assignment            no-cond-assign
   48:87114   warning  Unnecessary escape character: \/                                           no-useless-escape
   48:97882   warning  Expected a 'break' statement before 'case'                                 no-fallthrough
   48:98835   warning  Empty block statement                                                      no-empty
   48:99114   warning  Expected a 'break' statement before 'case'                                 no-fallthrough
   48:102310  warning  Expected a conditional expression and instead saw an assignment            no-cond-assign
   48:104687  warning  Do not access Object.prototype method 'hasOwnProperty' from target object  no-prototype-builtins
   48:106507  warning  Expected a 'break' statement before 'case'                                 no-fallthrough
   48:107180  warning  Expected a 'break' statement before 'case'                                 no-fallthrough
   48:112970  warning  Expected a 'break' statement before 'case'                                 no-fallthrough
   48:113304  warning  Unexpected constant condition                                              no-constant-condition
   48:115928  warning  Unexpected constant condition                                              no-constant-condition
   48:116553  warning  Expected a 'break' statement before 'case'                                 no-fallthrough
   48:116872  warning  Unexpected constant condition                                              no-constant-condition
   48:117272  warning  Expected a 'break' statement before 'default'                              no-fallthrough
   48:119767  warning  Expected a conditional expression and instead saw an assignment            no-cond-assign
   48:120579  warning  Empty block statement                                                      no-empty
   48:121329  warning  Empty block statement                                                      no-empty
   48:122806  warning  'i' is defined but never used                                              no-unused-vars
   48:125198  warning  Expected a conditional expression and instead saw an assignment            no-cond-assign
   48:128961  warning  Expected a 'break' statement before 'case'                                 no-fallthrough
   48:129150  warning  Expected a 'break' statement before 'case'                                 no-fallthrough
   48:130375  warning  Expected a conditional expression and instead saw an assignment            no-cond-assign
   48:131928  warning  Expected a 'break' statement before 'case'                                 no-fallthrough
   48:133475  warning  Unexpected control character(s) in regular expression: \x00                no-control-regex
   49:476     warning  Expected a 'break' statement before 'case'                                 no-fallthrough
   49:5078    warning  Do not access Object.prototype method 'hasOwnProperty' from target object  no-prototype-builtins
   49:5650    warning  Do not access Object.prototype method 'hasOwnProperty' from target object  no-prototype-builtins
   49:5989    warning  Do not access Object.prototype method 'hasOwnProperty' from target object  no-prototype-builtins
   49:6384    warning  Do not access Object.prototype method 'hasOwnProperty' from target object  no-prototype-builtins
   49:6500    warning  Expected a 'break' statement before 'default'                              no-fallthrough
   49:6662    warning  Do not access Object.prototype method 'hasOwnProperty' from target object  no-prototype-builtins
   49:6925    warning  Do not access Object.prototype method 'hasOwnProperty' from target object  no-prototype-builtins
   49:7419    warning  Expected a 'break' statement before 'case'                                 no-fallthrough
   49:7558    warning  Do not access Object.prototype method 'hasOwnProperty' from target object  no-prototype-builtins
   49:7736    warning  Do not access Object.prototype method 'hasOwnProperty' from target object  no-prototype-builtins
   49:7818    warning  Do not access Object.prototype method 'hasOwnProperty' from target object  no-prototype-builtins
   49:8079    warning  Do not access Object.prototype method 'hasOwnProperty' from target object  no-prototype-builtins
   49:8177    warning  Expected a 'break' statement before 'default'                              no-fallthrough
   49:8187    warning  Do not access Object.prototype method 'hasOwnProperty' from target object  no-prototype-builtins
   49:8265    warning  Do not access Object.prototype method 'hasOwnProperty' from target object  no-prototype-builtins
   49:8653    warning  Do not access Object.prototype method 'hasOwnProperty' from target object  no-prototype-builtins
   49:8727    warning  Expected a 'break' statement before 'default'                              no-fallthrough
   49:8737    warning  Do not access Object.prototype method 'hasOwnProperty' from target object  no-prototype-builtins
   49:8805    warning  Do not access Object.prototype method 'hasOwnProperty' from target object  no-prototype-builtins
   49:8923    warning  Expected a 'break' statement before 'default'                              no-fallthrough
   49:9099    warning  Do not access Object.prototype method 'hasOwnProperty' from target object  no-prototype-builtins
   49:9130    warning  Do not access Object.prototype method 'hasOwnProperty' from target object  no-prototype-builtins
   49:9254    warning  Do not access Object.prototype method 'hasOwnProperty' from target object  no-prototype-builtins
   49:9530    warning  Do not access Object.prototype method 'hasOwnProperty' from target object  no-prototype-builtins
   49:9562    warning  Do not access Object.prototype method 'hasOwnProperty' from target object  no-prototype-builtins
   49:9685    warning  Do not access Object.prototype method 'hasOwnProperty' from target object  no-prototype-builtins
   49:10042   warning  Do not access Object.prototype method 'hasOwnProperty' from target object  no-prototype-builtins
   49:10074   warning  Do not access Object.prototype method 'hasOwnProperty' from target object  no-prototype-builtins
   49:10144   warning  Do not access Object.prototype method 'hasOwnProperty' from target object  no-prototype-builtins
   49:10358   warning  Do not access Object.prototype method 'hasOwnProperty' from target object  no-prototype-builtins
   49:10393   warning  Do not access Object.prototype method 'hasOwnProperty' from target object  no-prototype-builtins
   49:10463   warning  Do not access Object.prototype method 'hasOwnProperty' from target object  no-prototype-builtins
   49:10561   warning  Do not access Object.prototype method 'hasOwnProperty' from target object  no-prototype-builtins
   49:10592   warning  Do not access Object.prototype method 'hasOwnProperty' from target object  no-prototype-builtins
   49:10658   warning  Do not access Object.prototype method 'hasOwnProperty' from target object  no-prototype-builtins
   49:18704   warning  Expected a conditional expression and instead saw an assignment            no-cond-assign
   49:19775   warning  Expected a conditional expression and instead saw an assignment            no-cond-assign
   49:22308   warning  Expected a conditional expression and instead saw an assignment            no-cond-assign
   49:34385   warning  'navigation' is not defined                                                no-undef
   49:34414   warning  'navigation' is not defined                                                no-undef
   49:34454   warning  'navigation' is not defined                                                no-undef
   49:34600   warning  'navigation' is not defined                                                no-undef
   49:34642   warning  'navigation' is not defined                                                no-undef
   49:34691   warning  'navigation' is not defined                                                no-undef
   49:34772   warning  'navigation' is not defined                                                no-undef
   49:34817   warning  'navigation' is not defined                                                no-undef
   49:34869   warning  'navigation' is not defined                                                no-undef
   49:36016   warning  '__REACT_DEVTOOLS_GLOBAL_HOOK__' is not defined                            no-undef
   49:36115   warning  Empty block statement                                                      no-empty
   49:37261   warning  '__REACT_DEVTOOLS_GLOBAL_HOOK__' is not defined                            no-undef
   49:37318   warning  '__REACT_DEVTOOLS_GLOBAL_HOOK__' is not defined                            no-undef
   57:1334    warning  't' is defined but never used                                              no-unused-vars
   57:6915    warning  't' is defined but never used                                              no-unused-vars
   57:20354   warning  'r' is assigned a value but never used                                     no-unused-vars
   57:20377   warning  's' is assigned a value but never used                                     no-unused-vars
   57:20401   warning  'o' is assigned a value but never used                                     no-unused-vars
   57:21340   warning  'o' is assigned a value but never used                                     no-unused-vars
   57:26347   warning  't' is defined but never used                                              no-unused-vars
   57:61434   warning  'LX' is assigned a value but never used                                    no-unused-vars
   57:61446   warning  'UX' is assigned a value but never used                                    no-unused-vars
  192:2313    warning  't' is defined but never used                                              no-unused-vars
  192:5947    warning  Do not access Object.prototype method 'hasOwnProperty' from target object  no-prototype-builtins
  192:25490   warning  Empty block statement                                                      no-empty
  192:27250   warning  'r' is assigned a value but never used                                     no-unused-vars
  192:27263   warning  's' is assigned a value but never used                                     no-unused-vars
  192:27273   warning  'o' is assigned a value but never used                                     no-unused-vars
  192:29909   warning  'n' is defined but never used                                              no-unused-vars
  192:31024   warning  Unexpected comma in middle of array                                        no-sparse-arrays
  192:31630   warning  'r' is defined but never used                                              no-unused-vars
  192:31761   warning  'n' is assigned a value but never used                                     no-unused-vars
  192:31917   warning  'e' is defined but never used                                              no-unused-vars
  192:31925   warning  't' is defined but never used                                              no-unused-vars
  192:31941   warning  'n' is defined but never used                                              no-unused-vars
  192:31959   warning  'r' is defined but never used                                              no-unused-vars
  192:31978   warning  's' is defined but never used                                              no-unused-vars
  192:31987   warning  'o' is defined but never used                                              no-unused-vars
  192:32000   warning  'c' is defined but never used                                              no-unused-vars
  192:32014   warning  'f' is defined but never used                                              no-unused-vars
  192:32021   warning  'h' is defined but never used                                              no-unused-vars
  192:32031   warning  'm' is defined but never used                                              no-unused-vars
  192:36212   warning  's' is assigned a value but never used                                     no-unused-vars
  192:36735   warning  Do not access Object.prototype method 'hasOwnProperty' from target object  no-prototype-builtins
  192:48360   warning  't' is defined but never used                                              no-unused-vars
  192:48362   warning  'n' is defined but never used                                              no-unused-vars
  192:48364   warning  'r' is defined but never used                                              no-unused-vars
  192:49682   warning  'v' is assigned a value but never used                                     no-unused-vars
  192:63180   warning  '_' is assigned a value but never used                                     no-unused-vars
  192:64087   warning  Do not access Object.prototype method 'hasOwnProperty' from target object  no-prototype-builtins
  200:3746    warning  'require' is not defined                                                   no-undef
  200:3794    warning  Empty block statement                                                      no-empty
  200:6311    warning  'j' is assigned a value but never used                                     no-unused-vars
  200:9645    warning  'e' is defined but never used                                              no-unused-vars
  200:9647    warning  't' is defined but never used                                              no-unused-vars
  200:30860   warning  'e' is assigned a value but never used                                     no-unused-vars
  202:2791    warning  'n' is assigned a value but never used                                     no-unused-vars
  202:2805    warning  'r' is assigned a value but never used                                     no-unused-vars
  202:23221   warning  'Eg' is a function                                                         no-func-assign
  202:24254   warning  'Dg' is a function                                                         no-func-assign
  202:27858   warning  Expected a 'break' statement before 'default'                              no-fallthrough
  202:28250   warning  Expected a conditional expression and instead saw an assignment            no-cond-assign
  202:29107   warning  Expected a conditional expression and instead saw an assignment            no-cond-assign
  202:30689   warning  Expected a 'break' statement before 'default'                              no-fallthrough
  202:33094   warning  Expected a 'break' statement before 'case'                                 no-fallthrough
  202:33503   warning  Expected a 'break' statement before 'default'                              no-fallthrough
  202:35200   warning  Expected a 'break' statement before 'default'                              no-fallthrough
  202:38953   warning  Expected a 'break' statement before 'default'                              no-fallthrough
  202:44745   warning  'Lg' is a function                                                         no-func-assign
  202:47359   warning  't' is defined but never used                                              no-unused-vars
  218:13885   warning  'Ug' is a function                                                         no-func-assign
  221:1562    warning  't' is defined but never used                                              no-unused-vars
  221:10613   warning  'VX' is assigned a value but never used                                    no-unused-vars
  221:10634   warning  'YX' is assigned a value but never used                                    no-unused-vars
  221:10838   warning  'Hg' is a function                                                         no-func-assign
  221:21441   warning  'Uf' is a function                                                         no-func-assign
  231:545     warning  Empty block statement                                                      no-empty
  231:975     warning  'I' is assigned a value but never used                                     no-unused-vars
  231:1660    warning  'ie' is assigned a value but never used                                    no-unused-vars
  231:4055    warning  'Kg' is a function                                                         no-func-assign
  248:2486    warning  't' is defined but never used                                              no-unused-vars
  248:4382    warning  't' is defined but never used                                              no-unused-vars
  248:4471    warning  't' is defined but never used                                              no-unused-vars
  248:5187    warning  'n' is defined but never used                                              no-unused-vars
  248:11692   warning  Expected a conditional expression and instead saw an assignment            no-cond-assign
  248:11953   warning  Expected a conditional expression and instead saw an assignment            no-cond-assign
  248:11993   warning  Expected a conditional expression and instead saw an assignment            no-cond-assign
  248:12057   warning  Expected a conditional expression and instead saw an assignment            no-cond-assign
  248:12096   warning  Expected a conditional expression and instead saw an assignment            no-cond-assign
  248:12159   warning  Expected a conditional expression and instead saw an assignment            no-cond-assign
  248:12203   warning  Expected a conditional expression and instead saw an assignment            no-cond-assign
  248:12252   warning  Do not access Object.prototype method 'hasOwnProperty' from target object  no-prototype-builtins
  248:17277   warning  Expected a conditional expression and instead saw an assignment            no-cond-assign
  248:17858   warning  Expected a conditional expression and instead saw an assignment            no-cond-assign
  248:50030   warning  Empty block statement                                                      no-empty
  248:50216   warning  Empty block statement                                                      no-empty
  248:50504   warning  Empty block statement                                                      no-empty
  248:62666   warning  Expected a conditional expression and instead saw an assignment            no-cond-assign
  248:63322   warning  Do not access Object.prototype method 'hasOwnProperty' from target object  no-prototype-builtins
  248:63775   warning  'Ey' is already defined                                                    no-redeclare
  248:89437   warning  'IX' is assigned a value but never used                                    no-unused-vars
  248:106982  warning  'FX' is assigned a value but never used                                    no-unused-vars
  248:110243  warning  'e' is defined but never used                                              no-unused-vars
  248:115811  warning  'rv' is a function                                                         no-func-assign
  248:123527  warning  'nd' is a function                                                         no-func-assign
  250:1463    warning  'A' is assigned a value but never used                                     no-unused-vars
  250:1543    warning  'O' is assigned a value but never used                                     no-unused-vars
  250:2995    warning  'rd' is a function                                                         no-func-assign
  250:3853    warning  's' is assigned a value but never used                                     no-unused-vars
  250:5552    warning  '$X' is assigned a value but never used                                    no-unused-vars
  250:5572    warning  'HX' is assigned a value but never used                                    no-unused-vars
  250:5588    warning  'qX' is assigned a value but never used                                    no-unused-vars
  250:5607    warning  'KX' is assigned a value but never used                                    no-unused-vars
  258:4069    warning  'ad' is a function                                                         no-func-assign
  258:5181    warning  Empty block statement                                                      no-empty
  258:7479    warning  't' is defined but never used                                              no-unused-vars
  258:10320   warning  'GX' is assigned a value but never used                                    no-unused-vars
  258:10353   warning  'XX' is assigned a value but never used                                    no-unused-vars
  258:10385   warning  'ZX' is assigned a value but never used                                    no-unused-vars
  258:11681   warning  'Fa' is a function                                                         no-func-assign
  258:13405   warning  'r' is assigned a value but never used                                     no-unused-vars
  258:22067   warning  'QX' is assigned a value but never used                                    no-unused-vars
  258:22083   warning  'WX' is assigned a value but never used                                    no-unused-vars
  258:22098   warning  'JX' is assigned a value but never used                                    no-unused-vars
  258:22110   warning  'eZ' is assigned a value but never used                                    no-unused-vars
  258:22126   warning  'tZ' is assigned a value but never used                                    no-unused-vars
  258:22141   warning  'nZ' is assigned a value but never used                                    no-unused-vars
  258:22153   warning  'rZ' is assigned a value but never used                                    no-unused-vars
  258:22169   warning  'aZ' is assigned a value but never used                                    no-unused-vars
  258:22184   warning  'iZ' is assigned a value but never used                                    no-unused-vars
  258:22204   warning  'sZ' is assigned a value but never used                                    no-unused-vars
  258:22782   warning  'lZ' is assigned a value but never used                                    no-unused-vars
  258:23311   warning  'oZ' is assigned a value but never used                                    no-unused-vars
  258:23324   warning  'cZ' is assigned a value but never used                                    no-unused-vars
  258:23335   warning  'uZ' is assigned a value but never used                                    no-unused-vars
  258:23349   warning  'fZ' is assigned a value but never used                                    no-unused-vars
  258:23360   warning  'dZ' is assigned a value but never used                                    no-unused-vars
  258:23374   warning  'hZ' is assigned a value but never used                                    no-unused-vars
  258:24167   warning  'mZ' is assigned a value but never used                                    no-unused-vars
  258:24186   warning  'pZ' is assigned a value but never used                                    no-unused-vars
  258:24204   warning  'gZ' is assigned a value but never used                                    no-unused-vars
  258:31482   warning  'sd' is a function                                                         no-func-assign
  258:33669   warning  'Ua' is a function                                                         no-func-assign
  258:39112   warning  'iv' is a function                                                         no-func-assign
  258:77100   warning  'r' is assigned a value but never used                                     no-unused-vars
  258:77865   warning  's' is assigned a value but never used                                     no-unused-vars
  258:81453   warning  'n' is assigned a value but never used                                     no-unused-vars
  258:81464   warning  'r' is assigned a value but never used                                     no-unused-vars
  258:104825  warning  't' is defined but never used                                              no-unused-vars
  258:142391  warning  'f' is assigned a value but never used                                     no-unused-vars
  258:142416  warning  'm' is assigned a value but never used                                     no-unused-vars

/home/runner/work/exp-customer-churn-au/exp-customer-churn-au/experiment/simulation/js/index-BWK4aGoD.js
   17:4186    warning  'process' is not defined                                                   no-undef
   17:4212    warning  'process' is not defined                                                   no-undef
   25:1022    warning  'setImmediate' is not defined                                              no-undef
   25:1868    warning  Unreachable code                                                           no-unreachable
   33:3442    warning  '__REACT_DEVTOOLS_GLOBAL_HOOK__' is not defined                            no-undef
   33:3499    warning  '__REACT_DEVTOOLS_GLOBAL_HOOK__' is not defined                            no-undef
   41:3263    warning  Empty block statement                                                      no-empty
   46:202     warning  Expected a conditional expression and instead saw an assignment            no-cond-assign
   48:548     warning  Empty block statement                                                      no-empty
   48:4239    warning  Expected a conditional expression and instead saw an assignment            no-cond-assign
   48:4339    warning  Expected a conditional expression and instead saw an assignment            no-cond-assign
   48:4422    warning  Expected a conditional expression and instead saw an assignment            no-cond-assign
   48:4879    warning  Unexpected combined character in character class                           no-misleading-character-class
   48:6394    warning  Do not access Object.prototype method 'hasOwnProperty' from target object  no-prototype-builtins
   48:8622    warning  Do not access Object.prototype method 'hasOwnProperty' from target object  no-prototype-builtins
   48:10740   warning  Do not access Object.prototype method 'hasOwnProperty' from target object  no-prototype-builtins
   48:10770   warning  Do not access Object.prototype method 'hasOwnProperty' from target object  no-prototype-builtins
   48:10889   warning  Do not access Object.prototype method 'hasOwnProperty' from target object  no-prototype-builtins
   48:10950   warning  Do not access Object.prototype method 'hasOwnProperty' from target object  no-prototype-builtins
   48:13913   warning  Unexpected control character(s) in regular expression: \x00, \x1f          no-control-regex
   48:15956   warning  Expected to return a value in method 'get'                                 getter-return
   48:16646   warning  Do not access Object.prototype method 'hasOwnProperty' from target object  no-prototype-builtins
   48:16988   warning  Invalid typeof comparison value                                            valid-typeof
   48:17162   warning  Invalid typeof comparison value                                            valid-typeof
   48:19027   warning  Expected a conditional expression and instead saw an assignment            no-cond-assign
   48:25346   warning  Do not access Object.prototype method 'hasOwnProperty' from target object  no-prototype-builtins
   48:26656   warning  'process' is not defined                                                   no-undef
   48:26682   warning  'process' is not defined                                                   no-undef
   48:43726   warning  Empty block statement                                                      no-empty
   48:45822   warning  Expected a 'break' statement before 'case'                                 no-fallthrough
   48:46287   warning  Unexpected constant condition                                              no-constant-condition
   48:59337   warning  Empty block statement                                                      no-empty
   48:59346   warning  Empty block statement                                                      no-empty
   48:64900   warning  Expected a conditional expression and instead saw an assignment            no-cond-assign
   48:69806   warning  Expected a conditional expression and instead saw an assignment            no-cond-assign
   48:72704   warning  Expected a conditional expression and instead saw an assignment            no-cond-assign
   48:73812   warning  Expected a conditional expression and instead saw an assignment            no-cond-assign
   48:75491   warning  Expected a conditional expression and instead saw an assignment            no-cond-assign
   48:82127   warning  Expected a conditional expression and instead saw an assignment            no-cond-assign
   48:87114   warning  Unnecessary escape character: \/                                           no-useless-escape
   48:97882   warning  Expected a 'break' statement before 'case'                                 no-fallthrough
   48:98835   warning  Empty block statement                                                      no-empty
   48:99114   warning  Expected a 'break' statement before 'case'                                 no-fallthrough
   48:102310  warning  Expected a conditional expression and instead saw an assignment            no-cond-assign
   48:104687  warning  Do not access Object.prototype method 'hasOwnProperty' from target object  no-prototype-builtins
   48:106507  warning  Expected a 'break' statement before 'case'                                 no-fallthrough
   48:107180  warning  Expected a 'break' statement before 'case'                                 no-fallthrough
   48:112970  warning  Expected a 'break' statement before 'case'                                 no-fallthrough
   48:113304  warning  Unexpected constant condition                                              no-constant-condition
   48:115928  warning  Unexpected constant condition                                              no-constant-condition
   48:116553  warning  Expected a 'break' statement before 'case'                                 no-fallthrough
   48:116872  warning  Unexpected constant condition                                              no-constant-condition
   48:117272  warning  Expected a 'break' statement before 'default'                              no-fallthrough
   48:119767  warning  Expected a conditional expression and instead saw an assignment            no-cond-assign
   48:120579  warning  Empty block statement                                                      no-empty
   48:121329  warning  Empty block statement                                                      no-empty
   48:122806  warning  'i' is defined but never used                                              no-unused-vars
   48:125198  warning  Expected a conditional expression and instead saw an assignment            no-cond-assign
   48:128961  warning  Expected a 'break' statement before 'case'                                 no-fallthrough
   48:129150  warning  Expected a 'break' statement before 'case'                                 no-fallthrough
   48:130375  warning  Expected a conditional expression and instead saw an assignment            no-cond-assign
   48:131928  warning  Expected a 'break' statement before 'case'                                 no-fallthrough
   48:133475  warning  Unexpected control character(s) in regular expression: \x00                no-control-regex
   49:476     warning  Expected a 'break' statement before 'case'                                 no-fallthrough
   49:5078    warning  Do not access Object.prototype method 'hasOwnProperty' from target object  no-prototype-builtins
   49:5650    warning  Do not access Object.prototype method 'hasOwnProperty' from target object  no-prototype-builtins
   49:5989    warning  Do not access Object.prototype method 'hasOwnProperty' from target object  no-prototype-builtins
   49:6384    warning  Do not access Object.prototype method 'hasOwnProperty' from target object  no-prototype-builtins
   49:6500    warning  Expected a 'break' statement before 'default'                              no-fallthrough
   49:6662    warning  Do not access Object.prototype method 'hasOwnProperty' from target object  no-prototype-builtins
   49:6925    warning  Do not access Object.prototype method 'hasOwnProperty' from target object  no-prototype-builtins
   49:7419    warning  Expected a 'break' statement before 'case'                                 no-fallthrough
   49:7558    warning  Do not access Object.prototype method 'hasOwnProperty' from target object  no-prototype-builtins
   49:7736    warning  Do not access Object.prototype method 'hasOwnProperty' from target object  no-prototype-builtins
   49:7818    warning  Do not access Object.prototype method 'hasOwnProperty' from target object  no-prototype-builtins
   49:8079    warning  Do not access Object.prototype method 'hasOwnProperty' from target object  no-prototype-builtins
   49:8177    warning  Expected a 'break' statement before 'default'                              no-fallthrough
   49:8187    warning  Do not access Object.prototype method 'hasOwnProperty' from target object  no-prototype-builtins
   49:8265    warning  Do not access Object.prototype method 'hasOwnProperty' from target object  no-prototype-builtins
   49:8653    warning  Do not access Object.prototype method 'hasOwnProperty' from target object  no-prototype-builtins
   49:8727    warning  Expected a 'break' statement before 'default'                              no-fallthrough
   49:8737    warning  Do not access Object.prototype method 'hasOwnProperty' from target object  no-prototype-builtins
   49:8805    warning  Do not access Object.prototype method 'hasOwnProperty' from target object  no-prototype-builtins
   49:8923    warning  Expected a 'break' statement before 'default'                              no-fallthrough
   49:9099    warning  Do not access Object.prototype method 'hasOwnProperty' from target object  no-prototype-builtins
   49:9130    warning  Do not access Object.prototype method 'hasOwnProperty' from target object  no-prototype-builtins
   49:9254    warning  Do not access Object.prototype method 'hasOwnProperty' from target object  no-prototype-builtins
   49:9530    warning  Do not access Object.prototype method 'hasOwnProperty' from target object  no-prototype-builtins
   49:9562    warning  Do not access Object.prototype method 'hasOwnProperty' from target object  no-prototype-builtins
   49:9685    warning  Do not access Object.prototype method 'hasOwnProperty' from target object  no-prototype-builtins
   49:10042   warning  Do not access Object.prototype method 'hasOwnProperty' from target object  no-prototype-builtins
   49:10074   warning  Do not access Object.prototype method 'hasOwnProperty' from target object  no-prototype-builtins
   49:10144   warning  Do not access Object.prototype method 'hasOwnProperty' from target object  no-prototype-builtins
   49:10358   warning  Do not access Object.prototype method 'hasOwnProperty' from target object  no-prototype-builtins
   49:10393   warning  Do not access Object.prototype method 'hasOwnProperty' from target object  no-prototype-builtins
   49:10463   warning  Do not access Object.prototype method 'hasOwnProperty' from target object  no-prototype-builtins
   49:10561   warning  Do not access Object.prototype method 'hasOwnProperty' from target object  no-prototype-builtins
   49:10592   warning  Do not access Object.prototype method 'hasOwnProperty' from target object  no-prototype-builtins
   49:10658   warning  Do not access Object.prototype method 'hasOwnProperty' from target object  no-prototype-builtins
   49:18704   warning  Expected a conditional expression and instead saw an assignment            no-cond-assign
   49:19775   warning  Expected a conditional expression and instead saw an assignment            no-cond-assign
   49:22308   warning  Expected a conditional expression and instead saw an assignment            no-cond-assign
   49:34385   warning  'navigation' is not defined                                                no-undef
   49:34414   warning  'navigation' is not defined                                                no-undef
   49:34454   warning  'navigation' is not defined                                                no-undef
   49:34600   warning  'navigation' is not defined                                                no-undef
   49:34642   warning  'navigation' is not defined                                                no-undef
   49:34691   warning  'navigation' is not defined                                                no-undef
   49:34772   warning  'navigation' is not defined                                                no-undef
   49:34817   warning  'navigation' is not defined                                                no-undef
   49:34869   warning  'navigation' is not defined                                                no-undef
   49:36016   warning  '__REACT_DEVTOOLS_GLOBAL_HOOK__' is not defined                            no-undef
   49:36115   warning  Empty block statement                                                      no-empty
   49:37261   warning  '__REACT_DEVTOOLS_GLOBAL_HOOK__' is not defined                            no-undef
   49:37318   warning  '__REACT_DEVTOOLS_GLOBAL_HOOK__' is not defined                            no-undef
   57:1334    warning  't' is defined but never used                                              no-unused-vars
   57:6915    warning  't' is defined but never used                                              no-unused-vars
   57:20354   warning  'r' is assigned a value but never used                                     no-unused-vars
   57:20377   warning  's' is assigned a value but never used                                     no-unused-vars
   57:20401   warning  'o' is assigned a value but never used                                     no-unused-vars
   57:21340   warning  'o' is assigned a value but never used                                     no-unused-vars
   57:26347   warning  't' is defined but never used                                              no-unused-vars
   57:61434   warning  'LX' is assigned a value but never used                                    no-unused-vars
   57:61446   warning  'UX' is assigned a value but never used                                    no-unused-vars
  192:2313    warning  't' is defined but never used                                              no-unused-vars
  192:5947    warning  Do not access Object.prototype method 'hasOwnProperty' from target object  no-prototype-builtins
  192:25490   warning  Empty block statement                                                      no-empty
  192:27250   warning  'r' is assigned a value but never used                                     no-unused-vars
  192:27263   warning  's' is assigned a value but never used                                     no-unused-vars
  192:27273   warning  'o' is assigned a value but never used                                     no-unused-vars
  192:29909   warning  'n' is defined but never used                                              no-unused-vars
  192:31024   warning  Unexpected comma in middle of array                                        no-sparse-arrays
  192:31630   warning  'r' is defined but never used                                              no-unused-vars
  192:31761   warning  'n' is assigned a value but never used                                     no-unused-vars
  192:31917   warning  'e' is defined but never used                                              no-unused-vars
  192:31925   warning  't' is defined but never used                                              no-unused-vars
  192:31941   warning  'n' is defined but never used                                              no-unused-vars
  192:31959   warning  'r' is defined but never used                                              no-unused-vars
  192:31978   warning  's' is defined but never used                                              no-unused-vars
  192:31987   warning  'o' is defined but never used                                              no-unused-vars
  192:32000   warning  'c' is defined but never used                                              no-unused-vars
  192:32014   warning  'f' is defined but never used                                              no-unused-vars
  192:32021   warning  'h' is defined but never used                                              no-unused-vars
  192:32031   warning  'm' is defined but never used                                              no-unused-vars
  192:36212   warning  's' is assigned a value but never used                                     no-unused-vars
  192:36735   warning  Do not access Object.prototype method 'hasOwnProperty' from target object  no-prototype-builtins
  192:48360   warning  't' is defined but never used                                              no-unused-vars
  192:48362   warning  'n' is defined but never used                                              no-unused-vars
  192:48364   warning  'r' is defined but never used                                              no-unused-vars
  192:49682   warning  'v' is assigned a value but never used                                     no-unused-vars
  192:63180   warning  '_' is assigned a value but never used                                     no-unused-vars
  192:64087   warning  Do not access Object.prototype method 'hasOwnProperty' from target object  no-prototype-builtins
  200:3746    warning  'require' is not defined                                                   no-undef
  200:3794    warning  Empty block statement                                                      no-empty
  200:6311    warning  'j' is assigned a value but never used                                     no-unused-vars
  200:9645    warning  'e' is defined but never used                                              no-unused-vars
  200:9647    warning  't' is defined but never used                                              no-unused-vars
  200:30860   warning  'e' is assigned a value but never used                                     no-unused-vars
  202:2791    warning  'n' is assigned a value but never used                                     no-unused-vars
  202:2805    warning  'r' is assigned a value but never used                                     no-unused-vars
  202:23221   warning  'Og' is a function                                                         no-func-assign
  202:24254   warning  'Eg' is a function                                                         no-func-assign
  202:27858   warning  Expected a 'break' statement before 'default'                              no-fallthrough
  202:28250   warning  Expected a conditional expression and instead saw an assignment            no-cond-assign
  202:29107   warning  Expected a conditional expression and instead saw an assignment            no-cond-assign
  202:30689   warning  Expected a 'break' statement before 'default'                              no-fallthrough
  202:33094   warning  Expected a 'break' statement before 'case'                                 no-fallthrough
  202:33503   warning  Expected a 'break' statement before 'default'                              no-fallthrough
  202:35200   warning  Expected a 'break' statement before 'default'                              no-fallthrough
  202:38953   warning  Expected a 'break' statement before 'default'                              no-fallthrough
  202:44745   warning  'zg' is a function                                                         no-func-assign
  202:47359   warning  't' is defined but never used                                              no-unused-vars
  218:13885   warning  'Lg' is a function                                                         no-func-assign
  221:1562    warning  't' is defined but never used                                              no-unused-vars
  221:10613   warning  'VX' is assigned a value but never used                                    no-unused-vars
  221:10634   warning  'YX' is assigned a value but never used                                    no-unused-vars
  221:10838   warning  '$g' is a function                                                         no-func-assign
  221:21441   warning  'Uf' is a function                                                         no-func-assign
  231:545     warning  Empty block statement                                                      no-empty
  231:975     warning  'I' is assigned a value but never used                                     no-unused-vars
  231:1660    warning  'ae' is assigned a value but never used                                    no-unused-vars
  231:4055    warning  'qg' is a function                                                         no-func-assign
  248:2486    warning  't' is defined but never used                                              no-unused-vars
  248:4382    warning  't' is defined but never used                                              no-unused-vars
  248:4471    warning  't' is defined but never used                                              no-unused-vars
  248:5187    warning  'n' is defined but never used                                              no-unused-vars
  248:11692   warning  Expected a conditional expression and instead saw an assignment            no-cond-assign
  248:11953   warning  Expected a conditional expression and instead saw an assignment            no-cond-assign
  248:11993   warning  Expected a conditional expression and instead saw an assignment            no-cond-assign
  248:12057   warning  Expected a conditional expression and instead saw an assignment            no-cond-assign
  248:12096   warning  Expected a conditional expression and instead saw an assignment            no-cond-assign
  248:12159   warning  Expected a conditional expression and instead saw an assignment            no-cond-assign
  248:12203   warning  Expected a conditional expression and instead saw an assignment            no-cond-assign
  248:12252   warning  Do not access Object.prototype method 'hasOwnProperty' from target object  no-prototype-builtins
  248:17277   warning  Expected a conditional expression and instead saw an assignment            no-cond-assign
  248:17858   warning  Expected a conditional expression and instead saw an assignment            no-cond-assign
  248:50030   warning  Empty block statement                                                      no-empty
  248:50216   warning  Empty block statement                                                      no-empty
  248:50504   warning  Empty block statement                                                      no-empty
  248:62666   warning  Expected a conditional expression and instead saw an assignment            no-cond-assign
  248:63322   warning  Do not access Object.prototype method 'hasOwnProperty' from target object  no-prototype-builtins
  248:63775   warning  'Oy' is already defined                                                    no-redeclare
  248:89437   warning  'IX' is assigned a value but never used                                    no-unused-vars
  248:106982  warning  'FX' is assigned a value but never used                                    no-unused-vars
  248:110243  warning  'e' is defined but never used                                              no-unused-vars
  248:115811  warning  'nv' is a function                                                         no-func-assign
  248:123527  warning  'nd' is a function                                                         no-func-assign
  250:1463    warning  'A' is assigned a value but never used                                     no-unused-vars
  250:1543    warning  'M' is assigned a value but never used                                     no-unused-vars
  250:2995    warning  'rd' is a function                                                         no-func-assign
  250:3853    warning  's' is assigned a value but never used                                     no-unused-vars
  250:5552    warning  '$X' is assigned a value but never used                                    no-unused-vars
  250:5572    warning  'HX' is assigned a value but never used                                    no-unused-vars
  250:5588    warning  'qX' is assigned a value but never used                                    no-unused-vars
  250:5607    warning  'KX' is assigned a value but never used                                    no-unused-vars
  258:4069    warning  'ad' is a function                                                         no-func-assign
  258:5181    warning  Empty block statement                                                      no-empty
  258:7479    warning  't' is defined but never used                                              no-unused-vars
  258:10320   warning  'GX' is assigned a value but never used                                    no-unused-vars
  258:10353   warning  'XX' is assigned a value but never used                                    no-unused-vars
  258:10385   warning  'ZX' is assigned a value but never used                                    no-unused-vars
  258:11681   warning  'Fa' is a function                                                         no-func-assign
  258:13405   warning  'r' is assigned a value but never used                                     no-unused-vars
  258:22067   warning  'QX' is assigned a value but never used                                    no-unused-vars
  258:22083   warning  'WX' is assigned a value but never used                                    no-unused-vars
  258:22098   warning  'JX' is assigned a value but never used                                    no-unused-vars
  258:22110   warning  'eZ' is assigned a value but never used                                    no-unused-vars
  258:22126   warning  'tZ' is assigned a value but never used                                    no-unused-vars
  258:22141   warning  'nZ' is assigned a value but never used                                    no-unused-vars
  258:22153   warning  'rZ' is assigned a value but never used                                    no-unused-vars
  258:22169   warning  'aZ' is assigned a value but never used                                    no-unused-vars
  258:22184   warning  'iZ' is assigned a value but never used                                    no-unused-vars
  258:22204   warning  'sZ' is assigned a value but never used                                    no-unused-vars
  258:22782   warning  'lZ' is assigned a value but never used                                    no-unused-vars
  258:23311   warning  'oZ' is assigned a value but never used                                    no-unused-vars
  258:23324   warning  'cZ' is assigned a value but never used                                    no-unused-vars
  258:23335   warning  'uZ' is assigned a value but never used                                    no-unused-vars
  258:23349   warning  'fZ' is assigned a value but never used                                    no-unused-vars
  258:23360   warning  'dZ' is assigned a value but never used                                    no-unused-vars
  258:23374   warning  'hZ' is assigned a value but never used                                    no-unused-vars
  258:24167   warning  'mZ' is assigned a value but never used                                    no-unused-vars
  258:24186   warning  'pZ' is assigned a value but never used                                    no-unused-vars
  258:24204   warning  'gZ' is assigned a value but never used                                    no-unused-vars
  258:31482   warning  'sd' is a function                                                         no-func-assign
  258:33669   warning  'Ua' is a function                                                         no-func-assign
  258:39112   warning  'av' is a function                                                         no-func-assign
  258:77013   warning  'r' is assigned a value but never used                                     no-unused-vars
  258:77676   warning  's' is assigned a value but never used                                     no-unused-vars
  258:81264   warning  'n' is assigned a value but never used                                     no-unused-vars
  258:81275   warning  'r' is assigned a value but never used                                     no-unused-vars
  258:104636  warning  't' is defined but never used                                              no-unused-vars
  258:142202  warning  'f' is assigned a value but never used                                     no-unused-vars
  258:142227  warning  'm' is assigned a value but never used                                     no-unused-vars

✖ 760 problems (0 errors, 760 warnings)

